  [4;36;1mSQL (0.1ms)[0m   [0;1mSET NAMES 'utf8'[0m
  [4;35;1mSQL (0.1ms)[0m   [0mSET SQL_AUTO_IS_NULL=0[0m
  [4;36;1mSQL (11.8ms)[0m   [0;1mSHOW TABLES[0m
  [4;35;1mSQL (63.2ms)[0m   [0mCREATE TABLE `schema_migrations` (`version` varchar(255) NOT NULL) ENGINE=InnoDB[0m
  [4;36;1mSQL (0.6ms)[0m   [0;1mSHOW KEYS FROM `schema_migrations`[0m
  [4;35;1mSQL (118.3ms)[0m   [0mCREATE UNIQUE INDEX `unique_schema_migrations` ON `schema_migrations` (`version`)[0m
  [4;36;1mSQL (0.3ms)[0m   [0;1mSHOW TABLES[0m
  [4;35;1mSQL (0.3ms)[0m   [0mSELECT version FROM schema_migrations[0m
Migrating to CreateGifts (20100911042740)
  [4;36;1mSQL (45.4ms)[0m   [0;1mCREATE TABLE `gifts` (`id` int(11) DEFAULT NULL auto_increment PRIMARY KEY, `description` varchar(255), `is_admin` tinyint(1), `purchased_on` date, `created_at` datetime, `updated_at` datetime) ENGINE=InnoDB[0m
  [4;35;1mSQL (0.7ms)[0m   [0mINSERT INTO schema_migrations (version) VALUES ('20100911042740')[0m
  [4;36;1mSQL (0.3ms)[0m   [0;1mSHOW TABLES[0m
  [4;35;1mSQL (1.2ms)[0m   [0mSELECT version FROM schema_migrations[0m
  [4;36;1mSQL (0.2ms)[0m   [0;1mSHOW TABLES[0m
  [4;35;1mSQL (5.9ms)[0m   [0mSHOW FIELDS FROM `gifts`[0m
  [4;36;1mSQL (4.2ms)[0m   [0;1mdescribe `gifts`[0m
  [4;35;1mSQL (2.7ms)[0m   [0mSHOW KEYS FROM `gifts`[0m
  [4;36;1mSQL (0.1ms)[0m   [0;1mSET NAMES 'utf8'[0m
  [4;35;1mSQL (0.1ms)[0m   [0mSET SQL_AUTO_IS_NULL=0[0m


Processing GiftsController#index (for 127.0.0.1 at 2010-09-11 14:29:37) [GET]
  [4;36;1mGift Load (0.3ms)[0m   [0;1mSELECT * FROM `gifts` [0m
Rendering template within layouts/gifts
Rendering gifts/index
Completed in 22ms (View: 17, DB: 0) | 200 OK [http://localhost/gifts]
